Started at Fri Aug 12 09:13:46 UTC 2022
Processing c job
Offering c job to Project Build Discarder
Processing jaava proj
Offering jaava proj to Project Build Discarder
Finished at Fri Aug 12 09:13:46 UTC 2022. 4ms
Started at Fri Aug 12 10:13:46 UTC 2022
Processing c job
Offering c job to Project Build Discarder
Processing java mvn project
Offering java mvn project to Project Build Discarder
Finished at Fri Aug 12 10:13:46 UTC 2022. 3ms
Started at Fri Aug 12 11:13:46 UTC 2022
Processing c job
Offering c job to Project Build Discarder
Processing deploy
Offering deploy to Project Build Discarder
Processing java-mvn-project
Offering java-mvn-project to Project Build Discarder
Processing RUNtest
Offering RUNtest to Project Build Discarder
Finished at Fri Aug 12 11:13:46 UTC 2022. 1ms
